<?xml version="1.0" encoding="UTF-8"?>
<!-- Generated by org.testng.reporters.JUnitXMLReporter -->
<testsuite ignored="3" hostname="DESKTOP-NHS3MPK" failures="0" tests="1" name="Default test" time="21.265" errors="0" timestamp="2022-03-12T14:50:55 IST">
  <testcase classname="testcases.LoginTest" name="LoginFailure" time="11.378"/>
  <testcase classname="testcases.LoginTest" name="Parameterized" time="0.0">
    <ignored/>
  </testcase> <!-- Parameterized -->
  <testcase classname="testcases.LoginTest" name="LoginSuccess" time="0.0">
    <ignored/>
  </testcase> <!-- LoginSuccess -->
  <testcase classname="testcases.LoginTest" name="ExternalDataTest" time="0.0">
    <ignored/>
  </testcase> <!-- ExternalDataTest -->
</testsuite> <!-- Default test -->
