<?xml version="1.0" encoding="UTF-8"?>
<!-- Generated by org.testng.reporters.JUnitXMLReporter -->
<testsuite ignored="0" hostname="DESKTOP-NHS3MPK" failures="0" tests="4" name="Test" time="139.069" errors="0" timestamp="2022-03-19T12:11:21 IST">
  <testcase classname="testcases.LoginTest" name="ExternalDataTest" time="15.562"/>
  <testcase classname="testcases.LoginTest" name="LoginFailure" time="45.148"/>
  <testcase classname="testcases.LoginTest" name="LoginSuccess" time="13.77"/>
  <testcase classname="testcases.LoginTest" name="Parameterized" time="26.618"/>
</testsuite> <!-- Test -->
