<?xml version="1.0" encoding="UTF-8"?>
<testng-results ignored="0" total="4" passed="4" failed="0" skipped="0">
  <reporter-output>
  </reporter-output>
  <suite started-at="2022-03-13T09:21:53 IST" name="Suite" finished-at="2022-03-13T09:23:07 IST" duration-ms="73962">
    <groups>
    </groups>
    <test started-at="2022-03-13T09:21:53 IST" name="Test" finished-at="2022-03-13T09:23:07 IST" duration-ms="73962">
      <class name="testcases.LoginTest">
        <test-method is-config="true" signature="DataSetUp()[pri:0, instance:testcases.LoginTest@4229bb3f]" started-at="2022-03-13T09:21:53 IST" name="DataSetUp" finished-at="2022-03-13T09:21:55 IST" duration-ms="1849" status="PASS">
          <reporter-output>
          </reporter-output>
        </test-method> <!-- DataSetUp -->
        <test-method is-config="true" signature="SetUp(java.lang.reflect.Method)[pri:0, instance:testcases.LoginTest@4229bb3f]" started-at="2022-03-13T09:21:55 IST" name="SetUp" finished-at="2022-03-13T09:22:03 IST" duration-ms="8380" status="PASS">
          <params>
            <param index="0">
              <value>
                <![CDATA[public void testcases.LoginTest.ExternalDataTest()]]>
              </value>
            </param>
          </params>
          <reporter-output>
          </reporter-output>
        </test-method> <!-- SetUp -->
        <test-method signature="ExternalDataTest()[pri:0, instance:testcases.LoginTest@4229bb3f]" started-at="2022-03-13T09:22:03 IST" name="ExternalDataTest" finished-at="2022-03-13T09:22:13 IST" duration-ms="10049" status="PASS">
          <reporter-output>
          </reporter-output>
        </test-method> <!-- ExternalDataTest -->
        <test-method is-config="true" signature="tearDown()[pri:0, instance:testcases.LoginTest@4229bb3f]" started-at="2022-03-13T09:22:13 IST" name="tearDown" finished-at="2022-03-13T09:22:14 IST" duration-ms="1007" status="PASS">
          <reporter-output>
          </reporter-output>
        </test-method> <!-- tearDown -->
        <test-method is-config="true" signature="SetUp(java.lang.reflect.Method)[pri:0, instance:testcases.LoginTest@4229bb3f]" started-at="2022-03-13T09:22:14 IST" name="SetUp" finished-at="2022-03-13T09:22:20 IST" duration-ms="5790" status="PASS">
          <params>
            <param index="0">
              <value>
                <![CDATA[public void testcases.LoginTest.LoginFailure()]]>
              </value>
            </param>
          </params>
          <reporter-output>
          </reporter-output>
        </test-method> <!-- SetUp -->
        <test-method signature="LoginFailure()[pri:0, instance:testcases.LoginTest@4229bb3f]" started-at="2022-03-13T09:22:20 IST" name="LoginFailure" finished-at="2022-03-13T09:22:29 IST" duration-ms="9429" status="PASS">
          <reporter-output>
          </reporter-output>
        </test-method> <!-- LoginFailure -->
        <test-method is-config="true" signature="tearDown()[pri:0, instance:testcases.LoginTest@4229bb3f]" started-at="2022-03-13T09:22:29 IST" name="tearDown" finished-at="2022-03-13T09:22:30 IST" duration-ms="829" status="PASS">
          <reporter-output>
          </reporter-output>
        </test-method> <!-- tearDown -->
        <test-method is-config="true" signature="SetUp(java.lang.reflect.Method)[pri:0, instance:testcases.LoginTest@4229bb3f]" started-at="2022-03-13T09:22:30 IST" name="SetUp" finished-at="2022-03-13T09:22:36 IST" duration-ms="5704" status="PASS">
          <params>
            <param index="0">
              <value>
                <![CDATA[public void testcases.LoginTest.LoginSuccess()]]>
              </value>
            </param>
          </params>
          <reporter-output>
          </reporter-output>
        </test-method> <!-- SetUp -->
        <test-method signature="LoginSuccess()[pri:0, instance:testcases.LoginTest@4229bb3f]" started-at="2022-03-13T09:22:36 IST" name="LoginSuccess" finished-at="2022-03-13T09:22:48 IST" duration-ms="12470" status="PASS">
          <reporter-output>
          </reporter-output>
        </test-method> <!-- LoginSuccess -->
        <test-method is-config="true" signature="tearDown()[pri:0, instance:testcases.LoginTest@4229bb3f]" started-at="2022-03-13T09:22:48 IST" name="tearDown" finished-at="2022-03-13T09:22:50 IST" duration-ms="1523" status="PASS">
          <reporter-output>
          </reporter-output>
        </test-method> <!-- tearDown -->
        <test-method is-config="true" signature="SetUp(java.lang.reflect.Method)[pri:0, instance:testcases.LoginTest@4229bb3f]" started-at="2022-03-13T09:22:50 IST" name="SetUp" finished-at="2022-03-13T09:22:57 IST" duration-ms="6800" status="PASS">
          <params>
            <param index="0">
              <value>
                <![CDATA[public void testcases.LoginTest.Parameterized(java.lang.String,java.lang.String)]]>
              </value>
            </param>
          </params>
          <reporter-output>
          </reporter-output>
        </test-method> <!-- SetUp -->
        <test-method signature="Parameterized(java.lang.String,java.lang.String)[pri:0, instance:testcases.LoginTest@4229bb3f]" started-at="2022-03-13T09:22:57 IST" name="Parameterized" finished-at="2022-03-13T09:23:05 IST" duration-ms="8221" status="PASS">
          <params>
            <param index="0">
              <value>
                <![CDATA[amulya.janakiram@gmail.com]]>
              </value>
            </param>
            <param index="1">
              <value>
                <![CDATA[Cts-1982]]>
              </value>
            </param>
          </params>
          <reporter-output>
          </reporter-output>
        </test-method> <!-- Parameterized -->
        <test-method is-config="true" signature="tearDown()[pri:0, instance:testcases.LoginTest@4229bb3f]" started-at="2022-03-13T09:23:05 IST" name="tearDown" finished-at="2022-03-13T09:23:06 IST" duration-ms="964" status="PASS">
          <reporter-output>
          </reporter-output>
        </test-method> <!-- tearDown -->
        <test-method is-config="true" signature="DataTearDow()[pri:0, instance:testcases.LoginTest@4229bb3f]" started-at="2022-03-13T09:23:06 IST" name="DataTearDow" finished-at="2022-03-13T09:23:07 IST" duration-ms="855" status="PASS">
          <reporter-output>
          </reporter-output>
        </test-method> <!-- DataTearDow -->
      </class> <!-- testcases.LoginTest -->
    </test> <!-- Test -->
  </suite> <!-- Suite -->
</testng-results>
